<?xml version="1.0" encoding="UTF-8"?>
<!-- Generated by org.testng.reporters.JUnitXMLReporter -->
<testsuite ignored="0" hostname="DESKTOP-MV778GF" failures="0" tests="4" name="Default test" time="304.376" errors="0" timestamp="2022-11-07T15:00:34 IST">
  <testcase classname="com.TestCases.FlightDropDownTest" name="DepartingFromDropDown" time="10.139"/>
  <testcase classname="com.TestCases.FlightDropDownTest" name="getRoundtripTest" time="3.609"/>
  <testcase classname="com.TestCases.FlightDropDownTest" name="oneWayTest" time="0.57"/>
  <testcase classname="com.TestCases.FlightDropDownTest" name="passengerDropDown" time="1.999"/>
</testsuite> <!-- Default test -->
