<?xml version="1.0" encoding="UTF-8"?>
<!-- Generated by org.testng.reporters.JUnitXMLReporter -->
<testsuite ignored="0" hostname="DESKTOP-MV778GF" failures="0" tests="5" name="Test" time="386.013" errors="0" timestamp="2022-11-08T11:15:39 IST">
  <testcase classname="com.TestCases.FlightDropDownTest" name="DepartingFromDropDown" time="2.475"/>
  <testcase classname="com.TestCases.FlightDropDownTest" name="getRoundtripTest" time="1.428"/>
  <testcase classname="com.TestCases.FlightDropDownTest" name="oneWayTest" time="0.156"/>
  <testcase classname="com.TestCases.FlightDropDownTest" name="passengerDropDown" time="0.649"/>
  <testcase classname="com.TestCases.LoginTest" name="login" time="0.0">
    <skipped/>
  </testcase> <!-- login -->
</testsuite> <!-- Test -->
